\BOOKMARK [1][-]{section.1}{\376\377\254\025\307\130\000\040\254\034\306\224}{}% 1
\BOOKMARK [1][-]{section.2}{\376\377\325\131\302\265\000\040\272\251\324\134}{}% 2
\BOOKMARK [1][-]{section.3}{\376\377\255\120\307\254\000\040\274\017\000\040\314\070\254\340\307\220\270\314}{}% 3
\BOOKMARK [2][-]{subsection.3.1}{\376\377\310\374\255\120\307\254}{section.3}% 4
\BOOKMARK [2][-]{subsection.3.2}{\376\377\314\070\254\340\301\034\310\001}{section.3}% 5
\BOOKMARK [2][-]{subsection.3.3}{\376\377\306\050\267\174\307\170\000\040\307\220\270\314}{section.3}% 6
\BOOKMARK [1][-]{section.4}{\376\377\254\025\307\130\000\040\307\174\310\025\000\040\000\050\0001\0006\310\374\000\051}{}% 7
\BOOKMARK [2][-]{subsection.4.1}{\376\377\000P\000a\000r\000t\000\040\000I\000:\000\040\000N\000e\000u\000r\000a\000l\000\040\000N\000e\000t\000w\000o\000r\000k\000s\000\040\000\046\000\040\000D\000e\000e\000p\000\040\000L\000e\000a\000r\000n\000i\000n\000g\000\040\000\050\000W\000e\000e\000k\000s\000\040\0001\000-\0007\000\051}{section.4}% 8
\BOOKMARK [2][-]{subsection.4.2}{\376\377\000P\000a\000r\000t\000\040\000I\000I\000:\000\040\000L\000L\000M\000\040\000V\000i\000b\000e\000\040\000C\000o\000d\000i\000n\000g\000\040\000f\000o\000r\000\040\000P\000h\000y\000s\000i\000c\000s\000\040\000\050\000W\000e\000e\000k\000s\000\040\0008\000-\0001\0002\000\051}{section.4}% 9
\BOOKMARK [2][-]{subsection.4.3}{\376\377\000P\000a\000r\000t\000\040\000I\000I\000I\000:\000\040\000P\000h\000y\000s\000i\000c\000s\000-\000I\000n\000f\000o\000r\000m\000e\000d\000\040\000N\000e\000u\000r\000a\000l\000\040\000N\000e\000t\000w\000o\000r\000k\000s\000\040\000\050\000W\000e\000e\000k\000s\000\040\0001\0003\000-\0001\0004\000\051}{section.4}% 10
\BOOKMARK [2][-]{subsection.4.4}{\376\377\000P\000a\000r\000t\000\040\000I\000V\000:\000\040\315\134\310\205\000\040\325\004\270\134\310\035\322\270\000\040\000\050\000W\000e\000e\000k\000s\000\040\0001\0005\000-\0001\0006\000\051}{section.4}% 11
\BOOKMARK [1][-]{section.5}{\376\377\323\311\254\000\000\040\274\051\302\335}{}% 12
\BOOKMARK [2][-]{subsection.5.1}{\376\377\254\374\310\034\000\040\310\034\315\234\000\040\274\051\302\335}{section.5}% 13
\BOOKMARK [2][-]{subsection.5.2}{\376\377\315\134\310\205\000\040\325\004\270\134\310\035\322\270\000\040\306\224\255\154\300\254\325\155}{section.5}% 14
\BOOKMARK [1][-]{section.6}{\376\377\302\344\302\265\000\040\326\130\254\275}{}% 15
\BOOKMARK [2][-]{subsection.6.1}{\376\377\325\104\302\030\000\040\301\214\325\004\322\270\306\350\305\264}{section.6}% 16
\BOOKMARK [2][-]{subsection.6.2}{\376\377\000V\000S\000\040\000C\000o\000d\000e\000\040\326\125\307\245\000\040\325\004\270\134\255\370\267\250}{section.6}% 17
\BOOKMARK [2][-]{subsection.6.3}{\376\377\000C\000l\000a\000u\000d\000e\000\040\000A\000I\000\040\301\044\310\025}{section.6}% 18
\BOOKMARK [1][-]{section.7}{\376\377\310\374\314\050\274\304\000\040\307\175\256\060\000\040\307\220\270\314}{}% 19
\BOOKMARK [1][-]{section.8}{\376\377\301\040\302\030\000\040\254\374\272\251}{}% 20
\BOOKMARK [1][-]{section.9}{\376\377\307\040\306\251\325\134\000\040\271\301\320\154}{}% 21
\BOOKMARK [2][-]{subsection.9.1}{\376\377\254\025\307\130\000\040\307\220\270\314}{section.9}% 22
\BOOKMARK [2][-]{subsection.9.2}{\376\377\306\050\267\174\307\170\000\040\271\254\301\214\302\244}{section.9}% 23
\BOOKMARK [2][-]{subsection.9.3}{\376\377\261\174\273\070\000\040\310\000\307\245\301\214}{section.9}% 24
\BOOKMARK [1][-]{section.10}{\376\377\254\374\310\034\000\040\300\301\301\070\000\040\310\025\274\364}{}% 25
\BOOKMARK [1][-]{section.11}{\376\377\325\131\302\265\000\040\301\061\254\374}{}% 26
\BOOKMARK [1][-]{section.12}{\376\377\254\025\307\130\000\040\314\240\325\131}{}% 27
\BOOKMARK [1][-]{section.13}{\376\377\305\360\267\175\314\230\000\040\274\017\000\040\000O\000f\000f\000i\000c\000e\000\040\000H\000o\000u\000r\000s}{}% 28
\BOOKMARK [1][-]{section.14}{\376\377\310\374\307\130\300\254\325\155}{}% 29
\BOOKMARK [1][-]{section.15}{\376\377\325\131\256\060\271\320\000\040\256\060\263\000\000\040\301\061\254\374\273\074}{}% 30
\BOOKMARK [2][-]{subsection.15.1}{\376\377\254\034\307\170}{section.15}% 31
\BOOKMARK [2][-]{subsection.15.2}{\376\377\323\000}{section.15}% 32
\BOOKMARK [1][-]{section.16}{\376\377\315\224\254\000\000\040\325\131\302\265\000\040\307\220\270\314\000\040\000\050\301\040\320\335\000\051}{}% 33
\BOOKMARK [2][-]{subsection.16.1}{\376\377\306\050\267\174\307\170\000\040\254\025\310\214}{section.16}% 34
\BOOKMARK [2][-]{subsection.16.2}{\376\377\307\040\322\234\276\014\000\040\314\104\261\020}{section.16}% 35
\BOOKMARK [2][-]{subsection.16.3}{\376\377\314\105}{section.16}% 36
\BOOKMARK [1][-]{section.17}{\376\377\254\025\307\130\000\040\254\304\326\215\000\040\274\300\254\275}{}% 37
