\BOOKMARK [1][-]{section.1}{\376\377\000C\000o\000u\000r\000s\000e\000\040\000D\000e\000s\000c\000r\000i\000p\000t\000i\000o\000n}{}% 1
\BOOKMARK [1][-]{section.2}{\376\377\000C\000o\000u\000r\000s\000e\000\040\000O\000b\000j\000e\000c\000t\000i\000v\000e\000s}{}% 2
\BOOKMARK [1][-]{section.3}{\376\377\000T\000e\000x\000t\000b\000o\000o\000k\000s\000\040\000a\000n\000d\000\040\000R\000e\000f\000e\000r\000e\000n\000c\000e\000s}{}% 3
\BOOKMARK [2][-]{subsection.3.1}{\376\377\000P\000r\000i\000m\000a\000r\000y\000\040\000T\000e\000x\000t\000b\000o\000o\000k}{section.3}% 4
\BOOKMARK [2][-]{subsection.3.2}{\376\377\000R\000e\000f\000e\000r\000e\000n\000c\000e\000\040\000B\000o\000o\000k\000s}{section.3}% 5
\BOOKMARK [2][-]{subsection.3.3}{\376\377\000O\000n\000l\000i\000n\000e\000\040\000R\000e\000s\000o\000u\000r\000c\000e\000s}{section.3}% 6
\BOOKMARK [1][-]{section.4}{\376\377\000C\000o\000u\000r\000s\000e\000\040\000S\000c\000h\000e\000d\000u\000l\000e\000\040\000\050\0001\0006\000\040\000W\000e\000e\000k\000s\000\051}{}% 7
\BOOKMARK [2][-]{subsection.4.1}{\376\377\000P\000a\000r\000t\000\040\000I\000:\000\040\000N\000e\000u\000r\000a\000l\000\040\000N\000e\000t\000w\000o\000r\000k\000s\000\040\000\046\000\040\000D\000e\000e\000p\000\040\000L\000e\000a\000r\000n\000i\000n\000g\000\040\000\050\000W\000e\000e\000k\000s\000\040\0001\000-\0007\000\051}{section.4}% 8
\BOOKMARK [2][-]{subsection.4.2}{\376\377\000P\000a\000r\000t\000\040\000I\000I\000:\000\040\000L\000L\000M\000\040\000V\000i\000b\000e\000\040\000C\000o\000d\000i\000n\000g\000\040\000f\000o\000r\000\040\000P\000h\000y\000s\000i\000c\000s\000\040\000\050\000W\000e\000e\000k\000s\000\040\0008\000-\0001\0002\000\051}{section.4}% 9
\BOOKMARK [2][-]{subsection.4.3}{\376\377\000P\000a\000r\000t\000\040\000I\000I\000I\000:\000\040\000P\000h\000y\000s\000i\000c\000s\000-\000I\000n\000f\000o\000r\000m\000e\000d\000\040\000N\000e\000u\000r\000a\000l\000\040\000N\000e\000t\000w\000o\000r\000k\000s\000\040\000\050\000W\000e\000e\000k\000s\000\040\0001\0003\000-\0001\0004\000\051}{section.4}% 10
\BOOKMARK [2][-]{subsection.4.4}{\376\377\000P\000a\000r\000t\000\040\000I\000V\000:\000\040\000F\000i\000n\000a\000l\000\040\000P\000r\000o\000j\000e\000c\000t\000\040\000\050\000W\000e\000e\000k\000s\000\040\0001\0005\000-\0001\0006\000\051}{section.4}% 11
\BOOKMARK [1][-]{section.5}{\376\377\000G\000r\000a\000d\000i\000n\000g\000\040\000P\000o\000l\000i\000c\000y}{}% 12
\BOOKMARK [2][-]{subsection.5.1}{\376\377\000A\000s\000s\000i\000g\000n\000m\000e\000n\000t\000\040\000S\000u\000b\000m\000i\000s\000s\000i\000o\000n}{section.5}% 13
\BOOKMARK [2][-]{subsection.5.2}{\376\377\000F\000i\000n\000a\000l\000\040\000P\000r\000o\000j\000e\000c\000t\000\040\000R\000e\000q\000u\000i\000r\000e\000m\000e\000n\000t\000s}{section.5}% 14
\BOOKMARK [1][-]{section.6}{\376\377\000L\000a\000b\000\040\000E\000n\000v\000i\000r\000o\000n\000m\000e\000n\000t}{}% 15
\BOOKMARK [2][-]{subsection.6.1}{\376\377\000R\000e\000q\000u\000i\000r\000e\000d\000\040\000S\000o\000f\000t\000w\000a\000r\000e}{section.6}% 16
\BOOKMARK [2][-]{subsection.6.2}{\376\377\000V\000S\000\040\000C\000o\000d\000e\000\040\000E\000x\000t\000e\000n\000s\000i\000o\000n\000s}{section.6}% 17
\BOOKMARK [2][-]{subsection.6.3}{\376\377\000C\000l\000a\000u\000d\000e\000\040\000A\000I\000\040\000S\000e\000t\000u\000p}{section.6}% 18
\BOOKMARK [1][-]{section.7}{\376\377\000W\000e\000e\000k\000l\000y\000\040\000R\000e\000a\000d\000i\000n\000g\000\040\000M\000a\000t\000e\000r\000i\000a\000l\000s}{}% 19
\BOOKMARK [1][-]{section.8}{\376\377\000P\000r\000e\000r\000e\000q\000u\000i\000s\000i\000t\000e\000s}{}% 20
\BOOKMARK [1][-]{section.9}{\376\377\000U\000s\000e\000f\000u\000l\000\040\000L\000i\000n\000k\000s}{}% 21
\BOOKMARK [2][-]{subsection.9.1}{\376\377\000C\000o\000u\000r\000s\000e\000\040\000M\000a\000t\000e\000r\000i\000a\000l\000s}{section.9}% 22
\BOOKMARK [2][-]{subsection.9.2}{\376\377\000O\000n\000l\000i\000n\000e\000\040\000R\000e\000s\000o\000u\000r\000c\000e\000s}{section.9}% 23
\BOOKMARK [2][-]{subsection.9.3}{\376\377\000P\000a\000p\000e\000r\000\040\000R\000e\000p\000o\000s\000i\000t\000o\000r\000i\000e\000s}{section.9}% 24
\BOOKMARK [1][-]{section.10}{\376\377\000A\000s\000s\000i\000g\000n\000m\000e\000n\000t\000\040\000D\000e\000t\000a\000i\000l\000s}{}% 25
\BOOKMARK [1][-]{section.11}{\376\377\000L\000e\000a\000r\000n\000i\000n\000g\000\040\000O\000u\000t\000c\000o\000m\000e\000s}{}% 26
\BOOKMARK [1][-]{section.12}{\376\377\000C\000o\000u\000r\000s\000e\000\040\000P\000h\000i\000l\000o\000s\000o\000p\000h\000y}{}% 27
\BOOKMARK [1][-]{section.13}{\376\377\000C\000o\000n\000t\000a\000c\000t\000\040\000a\000n\000d\000\040\000O\000f\000f\000i\000c\000e\000\040\000H\000o\000u\000r\000s}{}% 28
\BOOKMARK [1][-]{section.14}{\376\377\000I\000m\000p\000o\000r\000t\000a\000n\000t\000\040\000N\000o\000t\000e\000s}{}% 29
\BOOKMARK [1][-]{section.15}{\376\377\000E\000x\000p\000e\000c\000t\000e\000d\000\040\000E\000n\000d\000-\000o\000f\000-\000S\000e\000m\000e\000s\000t\000e\000r\000\040\000D\000e\000l\000i\000v\000e\000r\000a\000b\000l\000e\000s}{}% 30
\BOOKMARK [2][-]{subsection.15.1}{\376\377\000I\000n\000d\000i\000v\000i\000d\000u\000a\000l}{section.15}% 31
\BOOKMARK [2][-]{subsection.15.2}{\376\377\000T\000e\000a\000m}{section.15}% 32
\BOOKMARK [1][-]{section.16}{\376\377\000A\000d\000d\000i\000t\000i\000o\000n\000a\000l\000\040\000L\000e\000a\000r\000n\000i\000n\000g\000\040\000R\000e\000s\000o\000u\000r\000c\000e\000s\000\040\000\050\000O\000p\000t\000i\000o\000n\000a\000l\000\051}{}% 33
\BOOKMARK [2][-]{subsection.16.1}{\376\377\000O\000n\000l\000i\000n\000e\000\040\000C\000o\000u\000r\000s\000e\000s}{section.16}% 34
\BOOKMARK [2][-]{subsection.16.2}{\376\377\000Y\000o\000u\000T\000u\000b\000e\000\040\000C\000h\000a\000n\000n\000e\000l\000s}{section.16}% 35
\BOOKMARK [2][-]{subsection.16.3}{\376\377\000B\000o\000o\000k\000s}{section.16}% 36
\BOOKMARK [1][-]{section.17}{\376\377\000C\000o\000u\000r\000s\000e\000\040\000P\000l\000a\000n\000\040\000C\000h\000a\000n\000g\000e\000s}{}% 37
